     1                                  ; hello-os
     2                                  ; TAB=4
     3                                  
     4                                  	ORG	0x7c00		; このプログラムがどこに読み込まれるのか
     5                                  
     6                                  ; 以下は標準的なFAT12フォーマットフロッピーディスクのための記述
     7                                  
     8 00000000 EB4E                    	JMP SHORT	entry
     9 00000002 90                      	DB	0x90
    10 00000003 48454C4C4F49504C        	DB	"HELLOIPL"	; ブートセクタの名前を自由に書いてよい（8バイト）
    11 0000000B 0002                    	DW	512		; 1セクタの大きさ（512にしなければいけない）
    12 0000000D 01                      	DB	1		; クラスタの大きさ（1セクタにしなければいけない）
    13 0000000E 0100                    	DW	1		; FATがどこから始まるか（普通は1セクタ目からにする）
    14 00000010 02                      	DB	2		; FATの個数（2にしなければいけない）
    15 00000011 E000                    	DW	224		; ルートディレクトリ領域の大きさ（普通は224エントリにする）
    16 00000013 400B                    	DW	2880		; このドライブの大きさ（2880セクタにしなければいけない）
    17 00000015 F0                      	DB	0xf0		; メディアのタイプ（0xf0にしなければいけない）
    18 00000016 0900                    	DW	9		; FAT領域の長さ（9セクタにしなければいけない）
    19 00000018 1200                    	DW	18		; 1トラックにいくつのセクタがあるか（18にしなければいけない）
    20 0000001A 0200                    	DW	2		; ヘッドの数（2にしなければいけない）
    21 0000001C 00000000                	DD	0		; パーティションを使ってないのでここは必ず0
    22 00000020 400B0000                	DD	2880		; このドライブ大きさをもう一度書く
    23 00000024 000029                  	DB	0,0,0x29	; よくわからないけどこの値にしておくといいらしい
    24 00000027 FFFFFFFF                	DD	0xffffffff	; たぶんボリュームシリアル番号
    25 0000002B 48454C4C4F2D4F5320-     	DB	"HELLO-OS   "	; ディスクの名前（11バイト）
    25 00000034 2020               
    26 00000036 4641543132202020        	DB	"FAT12   "	; フォーマットの名前（8バイト）
    27 0000003E <res 00000012>          	RESB	18		; とりあえず18バイトあけておく
    27          ******************       warning: uninitialized space declared in .text section: zeroing
    28                                  
    29                                  ; プログラム本体
    30                                  
    31                                  entry:
    32 00000050 B80000                  	MOV	AX,0		; レジスタ初期化
    33 00000053 8ED0                    	MOV	SS,AX
    34 00000055 BC007C                  	MOV	SP,0x7c00
    35 00000058 8ED8                    	MOV	DS,AX
    36 0000005A 8EC0                    	MOV	ES,AX
    37                                  
    38                                  ; カラーモード VGAグラフィックス
    39 0000005C B400                    	MOV AH,0x00
    40 0000005E B012                    	MOV AL,0x12
    41 00000060 CD10                    	INT	0x10		; ビデオBIOS呼び出し
    42                                  
    43                                  ; パレット指定し始め
    44 00000062 B81010                  	MOV AX,0x1010
    45 00000065 BB0F00                  	MOV BX,0x000F ; 背景
    46 00000068 B63F                    	MOV DH,0x3f ; R
    47 0000006A B500                    	MOV CH,0x00 ; G
    48 0000006C B100                    	MOV CL,0    ; B
    49 0000006E CD10                    	INT	0x10		; ビデオBIOS呼び出し
    50                                  
    51                                  ; pixel書き込み
    52 00000070 BE0000                  	MOV SI,0x00; 初期化
    53 00000073 B91500                  	MOV CX,0x15;
    54 00000076 BA1500                  	MOV DX,0x15;
    55                                  
    56                                  ; pixel書き込み
    57                                  pixel:
    58 00000079 B40C                    	MOV AH,0x0c;
    59 0000007B B015                    	MOV AL,0x15;
    60                                  	; MOV CX,0x15;
    61                                  	; MOV DX,0x15;
    62 0000007D 83C101                  	ADD CX,1;
    63 00000080 83C201                  	ADD DX,1;
    64 00000083 CD10                    	INT	0x10		; ビデオBIOS呼び出し
    65 00000085 83C601                  	ADD SI,1
    66 00000088 83FE0A                  	CMP SI,10 ; 終了条件（式）
    67 0000008B 7402                    	JE SHORT fin ; 終了した場合のjump
    68                                  	;こっちは、いわゆる else
    69 0000008D EBEA                    	JMP pixel ; ループで元に戻す
    70                                  
    71                                  
    72                                  ;	  MOV AX,0x1010 ; パレット指定し始め
    73                                  ;		MOV BX,0x0000 ; 背景
    74                                  ;		MOV DH,0x3f ; R
    75                                  ;		MOV CH,0x00 ; G
    76                                  ;		MOV CL,0    ; B
    77                                  ;		INT	0x10		; ビデオBIOS呼び出し
    78                                  
    79                                  ;	MOV	SI,msg
    80                                  ; putloop:
    81                                  ; 	MOV	AL,[SI]
    82                                  ; 	ADD	SI,1		; SIに1を足す
    83                                  ; 	CMP	AL,0
    84                                  ; 	JE SHORT	fin
    85                                  ; 	MOV	AH,0x0e		; 一文字表示ファンクション
    86                                  ; 	MOV	BX,15		; カラーコード
    87                                  ; 	INT	0x10		; ビデオBIOS呼び出し
    88                                  ; 	JMP	putloop
    89                                  fin:
    90 0000008F F4                      	HLT			; 何かあるまでCPUを停止させる
    91 00000090 EBFD                    	JMP SHORT	fin	; 無限ループ
    92                                  
    93                                  msg:
    94 00000092 0A0A                    	DB	0x0a, 0x0a	; 改行を2つ
    95 00000094 68656C6C6F2C20776F-     	DB	"hello, world"
    95 0000009D 726C64             
    96 000000A0 0A                      	DB	0x0a		; 改行
    97 000000A1 00                      	DB	0
    98                                  
    99 000000A2 <res 0000015C>          	RESB	0x01fe-($-$$)	; 510バイト目までを0x00で埋める命令
    99          ******************       warning: uninitialized space declared in .text section: zeroing
   100                                  
   101 000001FE 55AA                    	DB	0x55, 0xaa	; 最後にマーカーが必要
